<?xml version="1.0" encoding="UTF-8"?>
<!-- Generated by org.testng.reporters.JUnitReportReporter -->
<testsuite hostname="SantoshMolkire" name="testNgNaveenAutomation.GoogleTest" tests="6" failures="0" timestamp="21 Nov 2018 07:04:36 GMT" time="91.132" errors="0">
  <testcase name="test1" time="10.739" classname="testNgNaveenAutomation.GoogleTest"/>
  <testcase name="test4" time="13.371" classname="testNgNaveenAutomation.GoogleTest"/>
  <testcase name="verifyGoogleTitle" time="12.677" classname="testNgNaveenAutomation.GoogleTest"/>
  <testcase name="logoTest" time="16.260" classname="testNgNaveenAutomation.GoogleTest"/>
  <testcase name="test2" time="11.643" classname="testNgNaveenAutomation.GoogleTest"/>
  <testcase name="test3" time="26.442" classname="testNgNaveenAutomation.GoogleTest"/>
</testsuite> <!-- testNgNaveenAutomation.GoogleTest -->
