<?xml version="1.0" encoding="UTF-8"?>
<!-- Generated by org.testng.reporters.JUnitReportReporter -->
<testsuite hostname="SantoshMolkire" name="testNgNaveenAutomation.TestNGBasics" tests="2" failures="0" timestamp="21 Nov 2018 05:29:02 GMT" time="0.010" errors="0">
  <testcase name="gmailTitleTest" time="0.005" classname="testNgNaveenAutomation.TestNGBasics"/>
  <testcase name="clickOnCompose" time="0.005" classname="testNgNaveenAutomation.TestNGBasics"/>
</testsuite> <!-- testNgNaveenAutomation.TestNGBasics -->
