<?xml version="1.0" encoding="UTF-8"?>
<!-- Generated by org.testng.reporters.JUnitReportReporter -->
<testsuite hostname="SantoshMolkire" name="com.crm.qa.testcases.CrmLogin" tests="1" failures="0" timestamp="29 Nov 2018 11:23:02 GMT" time="111.210" errors="0">
  <testcase name="login" time="111.210" classname="com.crm.qa.testcases.CrmLogin"/>
</testsuite> <!-- com.crm.qa.testcases.CrmLogin -->
