<?xml version="1.0" encoding="UTF-8"?>
<!-- Generated by org.testng.reporters.JUnitReportReporter -->
<testsuite hostname="SantoshMolkire" name="com.crm.qa.testcases.LoginTest" tests="1" failures="0" timestamp="27 Nov 2018 11:00:20 GMT" time="109.722" errors="0">
  <testcase name="clickoncontactpage" time="109.722" classname="com.crm.qa.testcases.LoginTest"/>
</testsuite> <!-- com.crm.qa.testcases.LoginTest -->
