<?xml version="1.0" encoding="UTF-8"?>
<!-- Generated by org.testng.reporters.JUnitReportReporter -->
<testsuite hostname="SantoshMolkire" name="testNgNaveenAutomation.TestNGFeatures" tests="12" failures="0" timestamp="21 Nov 2018 07:30:36 GMT" time="0.050" errors="0">
  <testcase name="signUpPage" time="0.004" classname="testNgNaveenAutomation.TestNGFeatures"/>
  <testcase name="signUpPage" time="0.004" classname="testNgNaveenAutomation.TestNGFeatures"/>
  <testcase name="signUpPage" time="0.002" classname="testNgNaveenAutomation.TestNGFeatures"/>
  <testcase name="signUpPage" time="0.002" classname="testNgNaveenAutomation.TestNGFeatures"/>
  <testcase name="homePage" time="0.004" classname="testNgNaveenAutomation.TestNGFeatures"/>
  <testcase name="signUpPage" time="0.002" classname="testNgNaveenAutomation.TestNGFeatures"/>
  <testcase name="signUpPage" time="0.002" classname="testNgNaveenAutomation.TestNGFeatures"/>
  <testcase name="signUpPage" time="0.002" classname="testNgNaveenAutomation.TestNGFeatures"/>
  <testcase name="signUpPage" time="0.003" classname="testNgNaveenAutomation.TestNGFeatures"/>
  <testcase name="login" time="0.020" classname="testNgNaveenAutomation.TestNGFeatures"/>
  <testcase name="signUpPage" time="0.002" classname="testNgNaveenAutomation.TestNGFeatures"/>
  <testcase name="signUpPage" time="0.003" classname="testNgNaveenAutomation.TestNGFeatures"/>
</testsuite> <!-- testNgNaveenAutomation.TestNGFeatures -->
