<?xml version="1.0" encoding="UTF-8"?>
<!-- Generated by org.testng.reporters.JUnitReportReporter -->
<testsuite hostname="SantoshMolkire" name="allSeleniumPractise.ScrollDownTest" tests="1" failures="0" timestamp="2 Jan 2019 05:44:30 GMT" time="46.086" errors="0">
  <testcase name="scrollDown" time="46.086" classname="allSeleniumPractise.ScrollDownTest"/>
</testsuite> <!-- allSeleniumPractise.ScrollDownTest -->
